{"C:\\Users\\adamj\\PFE\\Capstone_GRP28\\ResApp2.0\\app\\_layout.tsx": {"path":"C:\\Users\\adamj\\PFE\\Capstone_GRP28\\ResApp2.0\\app\\_layout.tsx","statementMap":{"0":{"start":{"line":9,"column":22},"end":{"line":9,"column":38}},"1":{"start":{"line":11,"column":2},"end":{"line":24,"column":4}}},"fnMap":{"0":{"name":"RootLayout","decl":{"start":{"line":8,"column":24},"end":{"line":8,"column":34}},"loc":{"start":{"line":8,"column":37},"end":{"line":25,"column":1}},"line":8}},"branchMap":{"0":{"loc":{"start":{"line":12,"column":26},"end":{"line":12,"column":75}},"type":"cond-expr","locations":[{"start":{"line":12,"column":51},"end":{"line":12,"column":60}},{"start":{"line":12,"column":63},"end":{"line":12,"column":75}}],"line":12}},"s":{"0":7,"1":7},"f":{"0":7},"b":{"0":[2,5]},"_coverageSchema":"1a1c01bbd47fc00a2c39e90264f33305004495a9","hash":"8d51ba67aaf11bd78b8e824ada98c66b85283749"}
,"C:\\Users\\adamj\\PFE\\Capstone_GRP28\\ResApp2.0\\app\\index.tsx": {"path":"C:\\Users\\adamj\\PFE\\Capstone_GRP28\\ResApp2.0\\app\\index.tsx","statementMap":{"0":{"start":{"line":6,"column":18},"end":{"line":6,"column":42}},"1":{"start":{"line":9,"column":17},"end":{"line":9,"column":28}},"2":{"start":{"line":11,"column":2},"end":{"line":19,"column":9}},"3":{"start":{"line":12,"column":26},"end":{"line":17,"column":5}},"4":{"start":{"line":13,"column":24},"end":{"line":13,"column":63}},"5":{"start":{"line":14,"column":6},"end":{"line":16,"column":7}},"6":{"start":{"line":15,"column":8},"end":{"line":15,"column":34}},"7":{"start":{"line":18,"column":4},"end":{"line":18,"column":20}},"8":{"start":{"line":21,"column":27},"end":{"line":23,"column":3}},"9":{"start":{"line":22,"column":4},"end":{"line":22,"column":26}},"10":{"start":{"line":25,"column":2},"end":{"line":56,"column":4}},"11":{"start":{"line":59,"column":15},"end":{"line":114,"column":2}}},"fnMap":{"0":{"name":"LandingPage","decl":{"start":{"line":8,"column":24},"end":{"line":8,"column":35}},"loc":{"start":{"line":8,"column":38},"end":{"line":57,"column":1}},"line":8},"1":{"name":"(anonymous_1)","decl":{"start":{"line":11,"column":12},"end":{"line":11,"column":13}},"loc":{"start":{"line":11,"column":18},"end":{"line":19,"column":3}},"line":11},"2":{"name":"(anonymous_2)","decl":{"start":{"line":12,"column":26},"end":{"line":12,"column":27}},"loc":{"start":{"line":12,"column":38},"end":{"line":17,"column":5}},"line":12},"3":{"name":"(anonymous_3)","decl":{"start":{"line":21,"column":27},"end":{"line":21,"column":28}},"loc":{"start":{"line":21,"column":33},"end":{"line":23,"column":3}},"line":21}},"branchMap":{"0":{"loc":{"start":{"line":14,"column":6},"end":{"line":16,"column":7}},"type":"if","locations":[{"start":{"line":14,"column":6},"end":{"line":16,"column":7}},{"start":{},"end":{}}],"line":14}},"s":{"0":1,"1":1,"2":1,"3":1,"4":1,"5":1,"6":0,"7":1,"8":1,"9":0,"10":1,"11":1},"f":{"0":1,"1":1,"2":1,"3":0},"b":{"0":[0,1]},"_coverageSchema":"1a1c01bbd47fc00a2c39e90264f33305004495a9","hash":"04a9d28afd3f59423aabbd3c8c348c438b0905ea"}
,"C:\\Users\\adamj\\PFE\\Capstone_GRP28\\ResApp2.0\\app\\login.tsx": {"path":"C:\\Users\\adamj\\PFE\\Capstone_GRP28\\ResApp2.0\\app\\login.tsx","statementMap":{"0":{"start":{"line":11,"column":23},"end":{"line":13,"column":1}},"1":{"start":{"line":15,"column":18},"end":{"line":15,"column":42}},"2":{"start":{"line":18,"column":17},"end":{"line":18,"column":28}},"3":{"start":{"line":19,"column":28},"end":{"line":19,"column":40}},"4":{"start":{"line":20,"column":34},"end":{"line":20,"column":46}},"5":{"start":{"line":22,"column":22},"end":{"line":34,"column":3}},"6":{"start":{"line":23,"column":4},"end":{"line":33,"column":5}},"7":{"start":{"line":24,"column":6},"end":{"line":24,"column":36}},"8":{"start":{"line":27,"column":6},"end":{"line":27,"column":53}},"9":{"start":{"line":29,"column":6},"end":{"line":29,"column":32}},"10":{"start":{"line":31,"column":6},"end":{"line":31,"column":39}},"11":{"start":{"line":36,"column":2},"end":{"line":79,"column":3}},"12":{"start":{"line":82,"column":15},"end":{"line":197,"column":2}}},"fnMap":{"0":{"name":"LoginPage","decl":{"start":{"line":17,"column":24},"end":{"line":17,"column":33}},"loc":{"start":{"line":17,"column":36},"end":{"line":80,"column":1}},"line":17},"1":{"name":"(anonymous_1)","decl":{"start":{"line":22,"column":22},"end":{"line":22,"column":23}},"loc":{"start":{"line":22,"column":34},"end":{"line":34,"column":3}},"line":22}},"branchMap":{},"s":{"0":2,"1":2,"2":4,"3":4,"4":4,"5":4,"6":1,"7":1,"8":0,"9":0,"10":1,"11":4,"12":2},"f":{"0":4,"1":1},"b":{},"_coverageSchema":"1a1c01bbd47fc00a2c39e90264f33305004495a9","hash":"ba24c0393c75a9ff38adb44e2c0990dd699e6036"}
,"C:\\Users\\adamj\\PFE\\Capstone_GRP28\\ResApp2.0\\app\\modal.tsx": {"path":"C:\\Users\\adamj\\PFE\\Capstone_GRP28\\ResApp2.0\\app\\modal.tsx","statementMap":{"0":{"start":{"line":8,"column":2},"end":{"line":15,"column":4}},"1":{"start":{"line":18,"column":15},"end":{"line":29,"column":2}}},"fnMap":{"0":{"name":"ModalScreen","decl":{"start":{"line":7,"column":24},"end":{"line":7,"column":35}},"loc":{"start":{"line":7,"column":38},"end":{"line":16,"column":1}},"line":7}},"branchMap":{},"s":{"0":0,"1":0},"f":{"0":0},"b":{}}
,"C:\\Users\\adamj\\PFE\\Capstone_GRP28\\ResApp2.0\\app\\(tabs)\\Sidebar.tsx": {"path":"C:\\Users\\adamj\\PFE\\Capstone_GRP28\\ResApp2.0\\app\\(tabs)\\Sidebar.tsx","statementMap":{"0":{"start":{"line":6,"column":19},"end":{"line":13,"column":3}},"1":{"start":{"line":15,"column":2},"end":{"line":42,"column":3}},"2":{"start":{"line":32,"column":12},"end":{"line":37,"column":31}},"3":{"start":{"line":45,"column":15},"end":{"line":110,"column":2}}},"fnMap":{"0":{"name":"MoreScreen","decl":{"start":{"line":5,"column":24},"end":{"line":5,"column":34}},"loc":{"start":{"line":5,"column":37},"end":{"line":43,"column":1}},"line":5},"1":{"name":"(anonymous_1)","decl":{"start":{"line":31,"column":24},"end":{"line":31,"column":25}},"loc":{"start":{"line":32,"column":12},"end":{"line":37,"column":31}},"line":32}},"branchMap":{},"s":{"0":0,"1":0,"2":0,"3":0},"f":{"0":0,"1":0},"b":{}}
,"C:\\Users\\adamj\\PFE\\Capstone_GRP28\\ResApp2.0\\app\\(tabs)\\_layout.tsx": {"path":"C:\\Users\\adamj\\PFE\\Capstone_GRP28\\ResApp2.0\\app\\(tabs)\\_layout.tsx","statementMap":{"0":{"start":{"line":13,"column":17},"end":{"line":13,"column":28}},"1":{"start":{"line":15,"column":23},"end":{"line":17,"column":3}},"2":{"start":{"line":16,"column":4},"end":{"line":16,"column":28}},"3":{"start":{"line":22,"column":2},"end":{"line":38,"column":3}},"4":{"start":{"line":24,"column":65},"end":{"line":24,"column":88}},"5":{"start":{"line":42,"column":22},"end":{"line":42,"column":38}},"6":{"start":{"line":44,"column":2},"end":{"line":118,"column":3}},"7":{"start":{"line":66,"column":39},"end":{"line":66,"column":95}},"8":{"start":{"line":74,"column":39},"end":{"line":74,"column":98}},"9":{"start":{"line":82,"column":39},"end":{"line":82,"column":95}},"10":{"start":{"line":90,"column":39},"end":{"line":90,"column":97}},"11":{"start":{"line":98,"column":39},"end":{"line":98,"column":94}},"12":{"start":{"line":121,"column":15},"end":{"line":152,"column":2}}},"fnMap":{"0":{"name":"CustomHeader","decl":{"start":{"line":12,"column":9},"end":{"line":12,"column":21}},"loc":{"start":{"line":12,"column":24},"end":{"line":39,"column":1}},"line":12},"1":{"name":"(anonymous_1)","decl":{"start":{"line":15,"column":23},"end":{"line":15,"column":24}},"loc":{"start":{"line":15,"column":29},"end":{"line":17,"column":3}},"line":15},"2":{"name":"(anonymous_2)","decl":{"start":{"line":24,"column":59},"end":{"line":24,"column":60}},"loc":{"start":{"line":24,"column":65},"end":{"line":24,"column":88}},"line":24},"3":{"name":"TabLayout","decl":{"start":{"line":41,"column":24},"end":{"line":41,"column":33}},"loc":{"start":{"line":41,"column":36},"end":{"line":119,"column":1}},"line":41},"4":{"name":"(anonymous_4)","decl":{"start":{"line":66,"column":24},"end":{"line":66,"column":25}},"loc":{"start":{"line":66,"column":39},"end":{"line":66,"column":95}},"line":66},"5":{"name":"(anonymous_5)","decl":{"start":{"line":74,"column":24},"end":{"line":74,"column":25}},"loc":{"start":{"line":74,"column":39},"end":{"line":74,"column":98}},"line":74},"6":{"name":"(anonymous_6)","decl":{"start":{"line":82,"column":24},"end":{"line":82,"column":25}},"loc":{"start":{"line":82,"column":39},"end":{"line":82,"column":95}},"line":82},"7":{"name":"(anonymous_7)","decl":{"start":{"line":90,"column":24},"end":{"line":90,"column":25}},"loc":{"start":{"line":90,"column":39},"end":{"line":90,"column":97}},"line":90},"8":{"name":"(anonymous_8)","decl":{"start":{"line":98,"column":24},"end":{"line":98,"column":25}},"loc":{"start":{"line":98,"column":39},"end":{"line":98,"column":94}},"line":98}},"branchMap":{},"s":{"0":0,"1":0,"2":0,"3":0,"4":0,"5":0,"6":0,"7":0,"8":0,"9":0,"10":0,"11":0,"12":0},"f":{"0":0,"1":0,"2":0,"3":0,"4":0,"5":0,"6":0,"7":0,"8":0},"b":{}}
,"C:\\Users\\adamj\\PFE\\Capstone_GRP28\\ResApp2.0\\app\\(tabs)\\calendar.tsx": {"path":"C:\\Users\\adamj\\PFE\\Capstone_GRP28\\ResApp2.0\\app\\(tabs)\\calendar.tsx","statementMap":{"0":{"start":{"line":20,"column":31},"end":{"line":62,"column":1}},"1":{"start":{"line":64,"column":15},"end":{"line":67,"column":1}},"2":{"start":{"line":69,"column":13},"end":{"line":69,"column":62}},"3":{"start":{"line":71,"column":22},"end":{"line":77,"column":1}},"4":{"start":{"line":72,"column":2},"end":{"line":76,"column":3}},"5":{"start":{"line":73,"column":21},"end":{"line":73,"column":37}},"6":{"start":{"line":74,"column":18},"end":{"line":74,"column":34}},"7":{"start":{"line":75,"column":20},"end":{"line":75,"column":36}},"8":{"start":{"line":79,"column":24},"end":{"line":83,"column":1}},"9":{"start":{"line":80,"column":2},"end":{"line":80,"column":53}},"10":{"start":{"line":80,"column":37},"end":{"line":80,"column":53}},"11":{"start":{"line":81,"column":2},"end":{"line":81,"column":67}},"12":{"start":{"line":81,"column":21},"end":{"line":81,"column":67}},"13":{"start":{"line":82,"column":2},"end":{"line":82,"column":24}},"14":{"start":{"line":86,"column":40},"end":{"line":86,"column":70}},"15":{"start":{"line":87,"column":42},"end":{"line":87,"column":71}},"16":{"start":{"line":88,"column":42},"end":{"line":88,"column":57}},"17":{"start":{"line":90,"column":25},"end":{"line":94,"column":3}},"18":{"start":{"line":91,"column":17},"end":{"line":91,"column":35}},"19":{"start":{"line":92,"column":18},"end":{"line":92,"column":33}},"20":{"start":{"line":93,"column":4},"end":{"line":93,"column":49}},"21":{"start":{"line":96,"column":29},"end":{"line":100,"column":3}},"22":{"start":{"line":97,"column":17},"end":{"line":97,"column":35}},"23":{"start":{"line":98,"column":18},"end":{"line":98,"column":33}},"24":{"start":{"line":99,"column":4},"end":{"line":99,"column":44}},"25":{"start":{"line":102,"column":24},"end":{"line":104,"column":3}},"26":{"start":{"line":103,"column":4},"end":{"line":103,"column":90}},"27":{"start":{"line":106,"column":28},"end":{"line":108,"column":3}},"28":{"start":{"line":107,"column":4},"end":{"line":107,"column":86}},"29":{"start":{"line":110,"column":24},"end":{"line":112,"column":3}},"30":{"start":{"line":111,"column":4},"end":{"line":111,"column":86}},"31":{"start":{"line":114,"column":25},"end":{"line":117,"column":3}},"32":{"start":{"line":115,"column":4},"end":{"line":115,"column":28}},"33":{"start":{"line":116,"column":4},"end":{"line":116,"column":25}},"34":{"start":{"line":119,"column":29},"end":{"line":127,"column":3}},"35":{"start":{"line":120,"column":31},"end":{"line":120,"column":61}},"36":{"start":{"line":121,"column":17},"end":{"line":121,"column":47}},"37":{"start":{"line":122,"column":4},"end":{"line":126,"column":6}},"38":{"start":{"line":129,"column":25},"end":{"line":173,"column":3}},"39":{"start":{"line":130,"column":24},"end":{"line":130,"column":51}},"40":{"start":{"line":131,"column":21},"end":{"line":131,"column":52}},"41":{"start":{"line":132,"column":17},"end":{"line":132,"column":42}},"42":{"start":{"line":133,"column":18},"end":{"line":133,"column":40}},"43":{"start":{"line":134,"column":18},"end":{"line":134,"column":28}},"44":{"start":{"line":135,"column":27},"end":{"line":135,"column":85}},"45":{"start":{"line":137,"column":17},"end":{"line":137,"column":19}},"46":{"start":{"line":140,"column":4},"end":{"line":142,"column":5}},"47":{"start":{"line":140,"column":17},"end":{"line":140,"column":18}},"48":{"start":{"line":141,"column":6},"end":{"line":141,"column":67}},"49":{"start":{"line":145,"column":4},"end":{"line":170,"column":5}},"50":{"start":{"line":145,"column":19},"end":{"line":145,"column":20}},"51":{"start":{"line":146,"column":22},"end":{"line":146,"column":53}},"52":{"start":{"line":147,"column":24},"end":{"line":147,"column":44}},"53":{"start":{"line":148,"column":24},"end":{"line":148,"column":47}},"54":{"start":{"line":149,"column":22},"end":{"line":149,"column":63}},"55":{"start":{"line":151,"column":6},"end":{"line":169,"column":7}},"56":{"start":{"line":155,"column":25},"end":{"line":155,"column":48}},"57":{"start":{"line":161,"column":16},"end":{"line":164,"column":18}},"58":{"start":{"line":172,"column":4},"end":{"line":172,"column":15}},"59":{"start":{"line":175,"column":25},"end":{"line":175,"column":99}},"60":{"start":{"line":177,"column":2},"end":{"line":281,"column":3}},"61":{"start":{"line":202,"column":14},"end":{"line":204,"column":21}},"62":{"start":{"line":215,"column":25},"end":{"line":215,"column":57}},"63":{"start":{"line":230,"column":30},"end":{"line":230,"column":52}},"64":{"start":{"line":232,"column":62},"end":{"line":232,"column":84}},"65":{"start":{"line":233,"column":65},"end":{"line":233,"column":84}},"66":{"start":{"line":241,"column":47},"end":{"line":241,"column":69}},"67":{"start":{"line":257,"column":18},"end":{"line":273,"column":25}},"68":{"start":{"line":284,"column":15},"end":{"line":541,"column":2}}},"fnMap":{"0":{"name":"(anonymous_0)","decl":{"start":{"line":71,"column":22},"end":{"line":71,"column":23}},"loc":{"start":{"line":71,"column":47},"end":{"line":77,"column":1}},"line":71},"1":{"name":"(anonymous_1)","decl":{"start":{"line":79,"column":24},"end":{"line":79,"column":25}},"loc":{"start":{"line":79,"column":42},"end":{"line":83,"column":1}},"line":79},"2":{"name":"TabTwoScreen","decl":{"start":{"line":85,"column":24},"end":{"line":85,"column":36}},"loc":{"start":{"line":85,"column":39},"end":{"line":282,"column":1}},"line":85},"3":{"name":"(anonymous_3)","decl":{"start":{"line":90,"column":25},"end":{"line":90,"column":26}},"loc":{"start":{"line":90,"column":41},"end":{"line":94,"column":3}},"line":90},"4":{"name":"(anonymous_4)","decl":{"start":{"line":96,"column":29},"end":{"line":96,"column":30}},"loc":{"start":{"line":96,"column":45},"end":{"line":100,"column":3}},"line":96},"5":{"name":"(anonymous_5)","decl":{"start":{"line":102,"column":24},"end":{"line":102,"column":25}},"loc":{"start":{"line":102,"column":70},"end":{"line":104,"column":3}},"line":102},"6":{"name":"(anonymous_6)","decl":{"start":{"line":106,"column":28},"end":{"line":106,"column":29}},"loc":{"start":{"line":106,"column":34},"end":{"line":108,"column":3}},"line":106},"7":{"name":"(anonymous_7)","decl":{"start":{"line":110,"column":24},"end":{"line":110,"column":25}},"loc":{"start":{"line":110,"column":30},"end":{"line":112,"column":3}},"line":110},"8":{"name":"(anonymous_8)","decl":{"start":{"line":114,"column":25},"end":{"line":114,"column":26}},"loc":{"start":{"line":114,"column":46},"end":{"line":117,"column":3}},"line":114},"9":{"name":"(anonymous_9)","decl":{"start":{"line":119,"column":29},"end":{"line":119,"column":30}},"loc":{"start":{"line":119,"column":50},"end":{"line":127,"column":3}},"line":119},"10":{"name":"(anonymous_10)","decl":{"start":{"line":129,"column":25},"end":{"line":129,"column":26}},"loc":{"start":{"line":129,"column":31},"end":{"line":173,"column":3}},"line":129},"11":{"name":"(anonymous_11)","decl":{"start":{"line":155,"column":19},"end":{"line":155,"column":20}},"loc":{"start":{"line":155,"column":25},"end":{"line":155,"column":48}},"line":155},"12":{"name":"(anonymous_12)","decl":{"start":{"line":160,"column":41},"end":{"line":160,"column":42}},"loc":{"start":{"line":161,"column":16},"end":{"line":164,"column":18}},"line":161},"13":{"name":"(anonymous_13)","decl":{"start":{"line":201,"column":22},"end":{"line":201,"column":23}},"loc":{"start":{"line":202,"column":14},"end":{"line":204,"column":21}},"line":202},"14":{"name":"(anonymous_14)","decl":{"start":{"line":215,"column":19},"end":{"line":215,"column":20}},"loc":{"start":{"line":215,"column":25},"end":{"line":215,"column":57}},"line":215},"15":{"name":"(anonymous_15)","decl":{"start":{"line":230,"column":24},"end":{"line":230,"column":25}},"loc":{"start":{"line":230,"column":30},"end":{"line":230,"column":52}},"line":230},"16":{"name":"(anonymous_16)","decl":{"start":{"line":232,"column":56},"end":{"line":232,"column":57}},"loc":{"start":{"line":232,"column":62},"end":{"line":232,"column":84}},"line":232},"17":{"name":"(anonymous_17)","decl":{"start":{"line":233,"column":58},"end":{"line":233,"column":59}},"loc":{"start":{"line":233,"column":65},"end":{"line":233,"column":84}},"line":233},"18":{"name":"(anonymous_18)","decl":{"start":{"line":241,"column":41},"end":{"line":241,"column":42}},"loc":{"start":{"line":241,"column":47},"end":{"line":241,"column":69}},"line":241},"19":{"name":"(anonymous_19)","decl":{"start":{"line":256,"column":36},"end":{"line":256,"column":37}},"loc":{"start":{"line":257,"column":18},"end":{"line":273,"column":25}},"line":257}},"branchMap":{"0":{"loc":{"start":{"line":72,"column":2},"end":{"line":76,"column":3}},"type":"switch","locations":[{"start":{"line":73,"column":4},"end":{"line":73,"column":37}},{"start":{"line":74,"column":4},"end":{"line":74,"column":34}},{"start":{"line":75,"column":4},"end":{"line":75,"column":36}}],"line":72},"1":{"loc":{"start":{"line":80,"column":2},"end":{"line":80,"column":53}},"type":"if","locations":[{"start":{"line":80,"column":2},"end":{"line":80,"column":53}},{"start":{},"end":{}}],"line":80},"2":{"loc":{"start":{"line":81,"column":2},"end":{"line":81,"column":67}},"type":"if","locations":[{"start":{"line":81,"column":2},"end":{"line":81,"column":67}},{"start":{},"end":{}}],"line":81},"3":{"loc":{"start":{"line":135,"column":27},"end":{"line":135,"column":85}},"type":"binary-expr","locations":[{"start":{"line":135,"column":27},"end":{"line":135,"column":53}},{"start":{"line":135,"column":57},"end":{"line":135,"column":85}}],"line":135},"4":{"loc":{"start":{"line":149,"column":22},"end":{"line":149,"column":63}},"type":"binary-expr","locations":[{"start":{"line":149,"column":22},"end":{"line":149,"column":36}},{"start":{"line":149,"column":40},"end":{"line":149,"column":63}}],"line":149},"5":{"loc":{"start":{"line":154,"column":34},"end":{"line":154,"column":61}},"type":"binary-expr","locations":[{"start":{"line":154,"column":34},"end":{"line":154,"column":41}},{"start":{"line":154,"column":45},"end":{"line":154,"column":61}}],"line":154},"6":{"loc":{"start":{"line":157,"column":40},"end":{"line":157,"column":67}},"type":"binary-expr","locations":[{"start":{"line":157,"column":40},"end":{"line":157,"column":47}},{"start":{"line":157,"column":51},"end":{"line":157,"column":67}}],"line":157},"7":{"loc":{"start":{"line":158,"column":11},"end":{"line":167,"column":11}},"type":"binary-expr","locations":[{"start":{"line":158,"column":11},"end":{"line":158,"column":20}},{"start":{"line":159,"column":12},"end":{"line":166,"column":19}}],"line":158},"8":{"loc":{"start":{"line":175,"column":25},"end":{"line":175,"column":99}},"type":"cond-expr","locations":[{"start":{"line":175,"column":69},"end":{"line":175,"column":94}},{"start":{"line":175,"column":97},"end":{"line":175,"column":99}}],"line":175},"9":{"loc":{"start":{"line":175,"column":25},"end":{"line":175,"column":66}},"type":"binary-expr","locations":[{"start":{"line":175,"column":25},"end":{"line":175,"column":37}},{"start":{"line":175,"column":41},"end":{"line":175,"column":66}}],"line":175},"10":{"loc":{"start":{"line":236,"column":49},"end":{"line":236,"column":97}},"type":"binary-expr","locations":[{"start":{"line":236,"column":49},"end":{"line":236,"column":61}},{"start":{"line":236,"column":65},"end":{"line":236,"column":97}}],"line":236},"11":{"loc":{"start":{"line":238,"column":43},"end":{"line":238,"column":91}},"type":"cond-expr","locations":[{"start":{"line":238,"column":73},"end":{"line":238,"column":80}},{"start":{"line":238,"column":83},"end":{"line":238,"column":91}}],"line":238},"12":{"loc":{"start":{"line":246,"column":13},"end":{"line":276,"column":13}},"type":"cond-expr","locations":[{"start":{"line":247,"column":14},"end":{"line":253,"column":21}},{"start":{"line":255,"column":14},"end":{"line":275,"column":27}}],"line":246},"13":{"loc":{"start":{"line":263,"column":29},"end":{"line":263,"column":116}},"type":"cond-expr","locations":[{"start":{"line":263,"column":57},"end":{"line":263,"column":67}},{"start":{"line":263,"column":70},"end":{"line":263,"column":116}}],"line":263},"14":{"loc":{"start":{"line":263,"column":70},"end":{"line":263,"column":116}},"type":"cond-expr","locations":[{"start":{"line":263,"column":97},"end":{"line":263,"column":106}},{"start":{"line":263,"column":109},"end":{"line":263,"column":116}}],"line":263}},"s":{"0":0,"1":0,"2":0,"3":0,"4":0,"5":0,"6":0,"7":0,"8":0,"9":0,"10":0,"11":0,"12":0,"13":0,"14":0,"15":0,"16":0,"17":0,"18":0,"19":0,"20":0,"21":0,"22":0,"23":0,"24":0,"25":0,"26":0,"27":0,"28":0,"29":0,"30":0,"31":0,"32":0,"33":0,"34":0,"35":0,"36":0,"37":0,"38":0,"39":0,"40":0,"41":0,"42":0,"43":0,"44":0,"45":0,"46":0,"47":0,"48":0,"49":0,"50":0,"51":0,"52":0,"53":0,"54":0,"55":0,"56":0,"57":0,"58":0,"59":0,"60":0,"61":0,"62":0,"63":0,"64":0,"65":0,"66":0,"67":0,"68":0},"f":{"0":0,"1":0,"2":0,"3":0,"4":0,"5":0,"6":0,"7":0,"8":0,"9":0,"10":0,"11":0,"12":0,"13":0,"14":0,"15":0,"16":0,"17":0,"18":0,"19":0},"b":{"0":[0,0,0],"1":[0,0],"2":[0,0],"3":[0,0],"4":[0,0],"5":[0,0],"6":[0,0],"7":[0,0],"8":[0,0],"9":[0,0],"10":[0,0],"11":[0,0],"12":[0,0],"13":[0,0],"14":[0,0]}}
,"C:\\Users\\adamj\\PFE\\Capstone_GRP28\\ResApp2.0\\app\\(tabs)\\duty.tsx": {"path":"C:\\Users\\adamj\\PFE\\Capstone_GRP28\\ResApp2.0\\app\\(tabs)\\duty.tsx","statementMap":{"0":{"start":{"line":11,"column":46},"end":{"line":11,"column":61}},"1":{"start":{"line":12,"column":52},"end":{"line":12,"column":67}},"2":{"start":{"line":13,"column":20},"end":{"line":13,"column":57}},"3":{"start":{"line":14,"column":19},"end":{"line":14,"column":56}},"4":{"start":{"line":16,"column":50},"end":{"line":16,"column":62}},"5":{"start":{"line":17,"column":56},"end":{"line":17,"column":68}},"6":{"start":{"line":18,"column":36},"end":{"line":18,"column":48}},"7":{"start":{"line":19,"column":40},"end":{"line":19,"column":52}},"8":{"start":{"line":21,"column":2},"end":{"line":52,"column":9}},"9":{"start":{"line":22,"column":25},"end":{"line":50,"column":5}},"10":{"start":{"line":23,"column":6},"end":{"line":49,"column":7}},"11":{"start":{"line":24,"column":27},"end":{"line":24,"column":52}},"12":{"start":{"line":25,"column":25},"end":{"line":25,"column":50}},"13":{"start":{"line":27,"column":8},"end":{"line":46,"column":11}},"14":{"start":{"line":28,"column":23},"end":{"line":28,"column":33}},"15":{"start":{"line":30,"column":10},"end":{"line":45,"column":11}},"16":{"start":{"line":32,"column":14},"end":{"line":32,"column":47}},"17":{"start":{"line":33,"column":14},"end":{"line":33,"column":20}},"18":{"start":{"line":35,"column":14},"end":{"line":35,"column":50}},"19":{"start":{"line":36,"column":14},"end":{"line":36,"column":20}},"20":{"start":{"line":38,"column":14},"end":{"line":38,"column":40}},"21":{"start":{"line":39,"column":14},"end":{"line":39,"column":20}},"22":{"start":{"line":41,"column":14},"end":{"line":41,"column":42}},"23":{"start":{"line":42,"column":14},"end":{"line":42,"column":20}},"24":{"start":{"line":44,"column":14},"end":{"line":44,"column":20}},"25":{"start":{"line":48,"column":8},"end":{"line":48,"column":67}},"26":{"start":{"line":51,"column":4},"end":{"line":51,"column":19}},"27":{"start":{"line":55,"column":21},"end":{"line":57,"column":3}},"28":{"start":{"line":56,"column":4},"end":{"line":56,"column":41}},"29":{"start":{"line":59,"column":24},"end":{"line":61,"column":3}},"30":{"start":{"line":60,"column":4},"end":{"line":60,"column":24}},"31":{"start":{"line":63,"column":22},"end":{"line":78,"column":3}},"32":{"start":{"line":64,"column":4},"end":{"line":64,"column":16}},"33":{"start":{"line":65,"column":4},"end":{"line":77,"column":14}},"34":{"start":{"line":80,"column":22},"end":{"line":97,"column":3}},"35":{"start":{"line":81,"column":4},"end":{"line":96,"column":6}},"36":{"start":{"line":93,"column":6},"end":{"line":93,"column":19}},"37":{"start":{"line":94,"column":6},"end":{"line":94,"column":27}},"38":{"start":{"line":95,"column":6},"end":{"line":95,"column":26}},"39":{"start":{"line":99,"column":2},"end":{"line":104,"column":41}},"40":{"start":{"line":100,"column":4},"end":{"line":103,"column":5}},"41":{"start":{"line":101,"column":6},"end":{"line":101,"column":27}},"42":{"start":{"line":102,"column":6},"end":{"line":102,"column":26}},"43":{"start":{"line":106,"column":2},"end":{"line":316,"column":3}},"44":{"start":{"line":127,"column":29},"end":{"line":127,"column":57}},"45":{"start":{"line":141,"column":29},"end":{"line":141,"column":60}},"46":{"start":{"line":161,"column":29},"end":{"line":161,"column":59}},"47":{"start":{"line":175,"column":29},"end":{"line":175,"column":62}},"48":{"start":{"line":193,"column":72},"end":{"line":193,"column":95}},"49":{"start":{"line":204,"column":72},"end":{"line":204,"column":93}},"50":{"start":{"line":221,"column":72},"end":{"line":221,"column":113}},"51":{"start":{"line":232,"column":72},"end":{"line":232,"column":113}},"52":{"start":{"line":251,"column":30},"end":{"line":251,"column":60}},"53":{"start":{"line":253,"column":62},"end":{"line":253,"column":92}},"54":{"start":{"line":265,"column":47},"end":{"line":265,"column":77}},"55":{"start":{"line":286,"column":30},"end":{"line":286,"column":63}},"56":{"start":{"line":288,"column":62},"end":{"line":288,"column":95}},"57":{"start":{"line":300,"column":47},"end":{"line":300,"column":80}},"58":{"start":{"line":319,"column":15},"end":{"line":508,"column":2}}},"fnMap":{"0":{"name":"ResourcesScreen","decl":{"start":{"line":10,"column":24},"end":{"line":10,"column":39}},"loc":{"start":{"line":10,"column":42},"end":{"line":317,"column":1}},"line":10},"1":{"name":"(anonymous_1)","decl":{"start":{"line":21,"column":12},"end":{"line":21,"column":13}},"loc":{"start":{"line":21,"column":18},"end":{"line":52,"column":3}},"line":21},"2":{"name":"(anonymous_2)","decl":{"start":{"line":22,"column":25},"end":{"line":22,"column":26}},"loc":{"start":{"line":22,"column":37},"end":{"line":50,"column":5}},"line":22},"3":{"name":"(anonymous_3)","decl":{"start":{"line":27,"column":30},"end":{"line":27,"column":31}},"loc":{"start":{"line":27,"column":37},"end":{"line":46,"column":9}},"line":27},"4":{"name":"(anonymous_4)","decl":{"start":{"line":55,"column":21},"end":{"line":55,"column":22}},"loc":{"start":{"line":55,"column":46},"end":{"line":57,"column":3}},"line":55},"5":{"name":"(anonymous_5)","decl":{"start":{"line":59,"column":24},"end":{"line":59,"column":25}},"loc":{"start":{"line":59,"column":41},"end":{"line":61,"column":3}},"line":59},"6":{"name":"(anonymous_6)","decl":{"start":{"line":63,"column":22},"end":{"line":63,"column":23}},"loc":{"start":{"line":63,"column":60},"end":{"line":78,"column":3}},"line":63},"7":{"name":"(anonymous_7)","decl":{"start":{"line":80,"column":22},"end":{"line":80,"column":23}},"loc":{"start":{"line":80,"column":60},"end":{"line":97,"column":3}},"line":80},"8":{"name":"(anonymous_8)","decl":{"start":{"line":92,"column":13},"end":{"line":92,"column":14}},"loc":{"start":{"line":92,"column":19},"end":{"line":96,"column":5}},"line":92},"9":{"name":"(anonymous_9)","decl":{"start":{"line":99,"column":12},"end":{"line":99,"column":13}},"loc":{"start":{"line":99,"column":18},"end":{"line":104,"column":3}},"line":99},"10":{"name":"(anonymous_10)","decl":{"start":{"line":127,"column":23},"end":{"line":127,"column":24}},"loc":{"start":{"line":127,"column":29},"end":{"line":127,"column":57}},"line":127},"11":{"name":"(anonymous_11)","decl":{"start":{"line":141,"column":23},"end":{"line":141,"column":24}},"loc":{"start":{"line":141,"column":29},"end":{"line":141,"column":60}},"line":141},"12":{"name":"(anonymous_12)","decl":{"start":{"line":161,"column":23},"end":{"line":161,"column":24}},"loc":{"start":{"line":161,"column":29},"end":{"line":161,"column":59}},"line":161},"13":{"name":"(anonymous_13)","decl":{"start":{"line":175,"column":23},"end":{"line":175,"column":24}},"loc":{"start":{"line":175,"column":29},"end":{"line":175,"column":62}},"line":175},"14":{"name":"(anonymous_14)","decl":{"start":{"line":193,"column":66},"end":{"line":193,"column":67}},"loc":{"start":{"line":193,"column":72},"end":{"line":193,"column":95}},"line":193},"15":{"name":"(anonymous_15)","decl":{"start":{"line":204,"column":66},"end":{"line":204,"column":67}},"loc":{"start":{"line":204,"column":72},"end":{"line":204,"column":93}},"line":204},"16":{"name":"(anonymous_16)","decl":{"start":{"line":221,"column":66},"end":{"line":221,"column":67}},"loc":{"start":{"line":221,"column":72},"end":{"line":221,"column":113}},"line":221},"17":{"name":"(anonymous_17)","decl":{"start":{"line":232,"column":66},"end":{"line":232,"column":67}},"loc":{"start":{"line":232,"column":72},"end":{"line":232,"column":113}},"line":232},"18":{"name":"(anonymous_18)","decl":{"start":{"line":251,"column":24},"end":{"line":251,"column":25}},"loc":{"start":{"line":251,"column":30},"end":{"line":251,"column":60}},"line":251},"19":{"name":"(anonymous_19)","decl":{"start":{"line":253,"column":56},"end":{"line":253,"column":57}},"loc":{"start":{"line":253,"column":62},"end":{"line":253,"column":92}},"line":253},"20":{"name":"(anonymous_20)","decl":{"start":{"line":265,"column":41},"end":{"line":265,"column":42}},"loc":{"start":{"line":265,"column":47},"end":{"line":265,"column":77}},"line":265},"21":{"name":"(anonymous_21)","decl":{"start":{"line":286,"column":24},"end":{"line":286,"column":25}},"loc":{"start":{"line":286,"column":30},"end":{"line":286,"column":63}},"line":286},"22":{"name":"(anonymous_22)","decl":{"start":{"line":288,"column":56},"end":{"line":288,"column":57}},"loc":{"start":{"line":288,"column":62},"end":{"line":288,"column":95}},"line":288},"23":{"name":"(anonymous_23)","decl":{"start":{"line":300,"column":41},"end":{"line":300,"column":42}},"loc":{"start":{"line":300,"column":47},"end":{"line":300,"column":80}},"line":300}},"branchMap":{"0":{"loc":{"start":{"line":30,"column":10},"end":{"line":45,"column":11}},"type":"switch","locations":[{"start":{"line":31,"column":12},"end":{"line":33,"column":20}},{"start":{"line":34,"column":12},"end":{"line":36,"column":20}},{"start":{"line":37,"column":12},"end":{"line":39,"column":20}},{"start":{"line":40,"column":12},"end":{"line":42,"column":20}},{"start":{"line":43,"column":12},"end":{"line":44,"column":20}}],"line":30},"1":{"loc":{"start":{"line":100,"column":4},"end":{"line":103,"column":5}},"type":"if","locations":[{"start":{"line":100,"column":4},"end":{"line":103,"column":5}},{"start":{},"end":{}}],"line":100},"2":{"loc":{"start":{"line":100,"column":8},"end":{"line":100,"column":45}},"type":"binary-expr","locations":[{"start":{"line":100,"column":8},"end":{"line":100,"column":23}},{"start":{"line":100,"column":27},"end":{"line":100,"column":45}}],"line":100}},"s":{"0":0,"1":0,"2":0,"3":0,"4":0,"5":0,"6":0,"7":0,"8":0,"9":0,"10":0,"11":0,"12":0,"13":0,"14":0,"15":0,"16":0,"17":0,"18":0,"19":0,"20":0,"21":0,"22":0,"23":0,"24":0,"25":0,"26":0,"27":0,"28":0,"29":0,"30":0,"31":0,"32":0,"33":0,"34":0,"35":0,"36":0,"37":0,"38":0,"39":0,"40":0,"41":0,"42":0,"43":0,"44":0,"45":0,"46":0,"47":0,"48":0,"49":0,"50":0,"51":0,"52":0,"53":0,"54":0,"55":0,"56":0,"57":0,"58":0},"f":{"0":0,"1":0,"2":0,"3":0,"4":0,"5":0,"6":0,"7":0,"8":0,"9":0,"10":0,"11":0,"12":0,"13":0,"14":0,"15":0,"16":0,"17":0,"18":0,"19":0,"20":0,"21":0,"22":0,"23":0},"b":{"0":[0,0,0,0,0],"1":[0,0],"2":[0,0]}}
,"C:\\Users\\adamj\\PFE\\Capstone_GRP28\\ResApp2.0\\app\\(tabs)\\index.tsx": {"path":"C:\\Users\\adamj\\PFE\\Capstone_GRP28\\ResApp2.0\\app\\(tabs)\\index.tsx","statementMap":{"0":{"start":{"line":12,"column":36},"end":{"line":12,"column":56}},"1":{"start":{"line":14,"column":2},"end":{"line":38,"column":9}},"2":{"start":{"line":15,"column":22},"end":{"line":35,"column":5}},"3":{"start":{"line":16,"column":6},"end":{"line":34,"column":7}},"4":{"start":{"line":17,"column":28},"end":{"line":17,"column":67}},"5":{"start":{"line":18,"column":29},"end":{"line":18,"column":67}},"6":{"start":{"line":20,"column":8},"end":{"line":20,"column":34}},"7":{"start":{"line":20,"column":27},"end":{"line":20,"column":34}},"8":{"start":{"line":22,"column":25},"end":{"line":22,"column":48}},"9":{"start":{"line":23,"column":18},"end":{"line":23,"column":69}},"10":{"start":{"line":24,"column":30},"end":{"line":24,"column":46}},"11":{"start":{"line":26,"column":8},"end":{"line":31,"column":9}},"12":{"start":{"line":27,"column":27},"end":{"line":27,"column":55}},"13":{"start":{"line":28,"column":10},"end":{"line":28,"column":53}},"14":{"start":{"line":30,"column":10},"end":{"line":30,"column":68}},"15":{"start":{"line":33,"column":8},"end":{"line":33,"column":58}},"16":{"start":{"line":37,"column":4},"end":{"line":37,"column":16}},"17":{"start":{"line":40,"column":27},"end":{"line":47,"column":3}},"18":{"start":{"line":49,"column":2},"end":{"line":112,"column":4}},"19":{"start":{"line":73,"column":14},"end":{"line":78,"column":33}},"20":{"start":{"line":115,"column":15},"end":{"line":222,"column":2}}},"fnMap":{"0":{"name":"HomeScreen","decl":{"start":{"line":11,"column":24},"end":{"line":11,"column":34}},"loc":{"start":{"line":11,"column":37},"end":{"line":113,"column":1}},"line":11},"1":{"name":"(anonymous_1)","decl":{"start":{"line":14,"column":12},"end":{"line":14,"column":13}},"loc":{"start":{"line":14,"column":18},"end":{"line":38,"column":3}},"line":14},"2":{"name":"(anonymous_2)","decl":{"start":{"line":15,"column":22},"end":{"line":15,"column":23}},"loc":{"start":{"line":15,"column":34},"end":{"line":35,"column":5}},"line":15},"3":{"name":"(anonymous_3)","decl":{"start":{"line":72,"column":34},"end":{"line":72,"column":35}},"loc":{"start":{"line":73,"column":14},"end":{"line":78,"column":33}},"line":73}},"branchMap":{"0":{"loc":{"start":{"line":18,"column":29},"end":{"line":18,"column":67}},"type":"binary-expr","locations":[{"start":{"line":18,"column":29},"end":{"line":18,"column":40}},{"start":{"line":18,"column":44},"end":{"line":18,"column":67}}],"line":18},"1":{"loc":{"start":{"line":20,"column":8},"end":{"line":20,"column":34}},"type":"if","locations":[{"start":{"line":20,"column":8},"end":{"line":20,"column":34}},{"start":{},"end":{}}],"line":20},"2":{"loc":{"start":{"line":26,"column":8},"end":{"line":31,"column":9}},"type":"if","locations":[{"start":{"line":26,"column":8},"end":{"line":31,"column":9}},{"start":{"line":29,"column":15},"end":{"line":31,"column":9}}],"line":26},"3":{"loc":{"start":{"line":28,"column":23},"end":{"line":28,"column":51}},"type":"binary-expr","locations":[{"start":{"line":28,"column":23},"end":{"line":28,"column":41}},{"start":{"line":28,"column":45},"end":{"line":28,"column":51}}],"line":28},"4":{"loc":{"start":{"line":65,"column":37},"end":{"line":65,"column":55}},"type":"binary-expr","locations":[{"start":{"line":65,"column":37},"end":{"line":65,"column":46}},{"start":{"line":65,"column":50},"end":{"line":65,"column":55}}],"line":65}},"s":{"0":1,"1":1,"2":1,"3":1,"4":1,"5":1,"6":0,"7":0,"8":0,"9":0,"10":0,"11":0,"12":0,"13":0,"14":0,"15":1,"16":1,"17":1,"18":1,"19":6,"20":1},"f":{"0":1,"1":1,"2":1,"3":6},"b":{"0":[1,1],"1":[0,0],"2":[0,0],"3":[0,0],"4":[1,1]},"_coverageSchema":"1a1c01bbd47fc00a2c39e90264f33305004495a9","hash":"d0519802ecb72ecb1a322f0ae394f5fd9319291a"}
,"C:\\Users\\adamj\\PFE\\Capstone_GRP28\\ResApp2.0\\app\\(tabs)\\profile.tsx": {"path":"C:\\Users\\adamj\\PFE\\Capstone_GRP28\\ResApp2.0\\app\\(tabs)\\profile.tsx","statementMap":{"0":{"start":{"line":12,"column":34},"end":{"line":17,"column":4}},"1":{"start":{"line":20,"column":4},"end":{"line":20,"column":29}},"2":{"start":{"line":20,"column":19},"end":{"line":20,"column":29}},"3":{"start":{"line":21,"column":4},"end":{"line":24,"column":16}},"4":{"start":{"line":23,"column":19},"end":{"line":23,"column":40}},"5":{"start":{"line":28,"column":2},"end":{"line":58,"column":9}},"6":{"start":{"line":29,"column":22},"end":{"line":55,"column":5}},"7":{"start":{"line":30,"column":6},"end":{"line":54,"column":7}},"8":{"start":{"line":32,"column":28},"end":{"line":32,"column":67}},"9":{"start":{"line":33,"column":29},"end":{"line":33,"column":67}},"10":{"start":{"line":35,"column":8},"end":{"line":35,"column":34}},"11":{"start":{"line":35,"column":27},"end":{"line":35,"column":34}},"12":{"start":{"line":37,"column":25},"end":{"line":37,"column":48}},"13":{"start":{"line":38,"column":18},"end":{"line":38,"column":69}},"14":{"start":{"line":39,"column":30},"end":{"line":39,"column":46}},"15":{"start":{"line":41,"column":8},"end":{"line":51,"column":9}},"16":{"start":{"line":42,"column":23},"end":{"line":42,"column":51}},"17":{"start":{"line":43,"column":10},"end":{"line":48,"column":13}},"18":{"start":{"line":50,"column":10},"end":{"line":50,"column":68}},"19":{"start":{"line":53,"column":8},"end":{"line":53,"column":56}},"20":{"start":{"line":57,"column":4},"end":{"line":57,"column":16}},"21":{"start":{"line":62,"column":23},"end":{"line":68,"column":3}},"22":{"start":{"line":70,"column":24},"end":{"line":75,"column":3}},"23":{"start":{"line":77,"column":2},"end":{"line":148,"column":3}},"24":{"start":{"line":120,"column":14},"end":{"line":134,"column":21}},"25":{"start":{"line":151,"column":15},"end":{"line":319,"column":2}}},"fnMap":{"0":{"name":"ProfileScreen","decl":{"start":{"line":10,"column":24},"end":{"line":10,"column":37}},"loc":{"start":{"line":10,"column":40},"end":{"line":149,"column":1}},"line":10},"1":{"name":"getInitials","decl":{"start":{"line":19,"column":11},"end":{"line":19,"column":22}},"loc":{"start":{"line":19,"column":41},"end":{"line":25,"column":3}},"line":19},"2":{"name":"(anonymous_2)","decl":{"start":{"line":23,"column":11},"end":{"line":23,"column":12}},"loc":{"start":{"line":23,"column":19},"end":{"line":23,"column":40}},"line":23},"3":{"name":"(anonymous_3)","decl":{"start":{"line":28,"column":12},"end":{"line":28,"column":13}},"loc":{"start":{"line":28,"column":18},"end":{"line":58,"column":3}},"line":28},"4":{"name":"(anonymous_4)","decl":{"start":{"line":29,"column":22},"end":{"line":29,"column":23}},"loc":{"start":{"line":29,"column":34},"end":{"line":55,"column":5}},"line":29},"5":{"name":"(anonymous_5)","decl":{"start":{"line":119,"column":30},"end":{"line":119,"column":31}},"loc":{"start":{"line":120,"column":14},"end":{"line":134,"column":21}},"line":120}},"branchMap":{"0":{"loc":{"start":{"line":20,"column":4},"end":{"line":20,"column":29}},"type":"if","locations":[{"start":{"line":20,"column":4},"end":{"line":20,"column":29}},{"start":{},"end":{}}],"line":20},"1":{"loc":{"start":{"line":33,"column":29},"end":{"line":33,"column":67}},"type":"binary-expr","locations":[{"start":{"line":33,"column":29},"end":{"line":33,"column":40}},{"start":{"line":33,"column":44},"end":{"line":33,"column":67}}],"line":33},"2":{"loc":{"start":{"line":35,"column":8},"end":{"line":35,"column":34}},"type":"if","locations":[{"start":{"line":35,"column":8},"end":{"line":35,"column":34}},{"start":{},"end":{}}],"line":35},"3":{"loc":{"start":{"line":41,"column":8},"end":{"line":51,"column":9}},"type":"if","locations":[{"start":{"line":41,"column":8},"end":{"line":51,"column":9}},{"start":{"line":49,"column":15},"end":{"line":51,"column":9}}],"line":41},"4":{"loc":{"start":{"line":44,"column":23},"end":{"line":44,"column":43}},"type":"binary-expr","locations":[{"start":{"line":44,"column":23},"end":{"line":44,"column":37}},{"start":{"line":44,"column":41},"end":{"line":44,"column":43}}],"line":44},"5":{"loc":{"start":{"line":44,"column":54},"end":{"line":44,"column":73}},"type":"binary-expr","locations":[{"start":{"line":44,"column":54},"end":{"line":44,"column":67}},{"start":{"line":44,"column":71},"end":{"line":44,"column":73}}],"line":44},"6":{"loc":{"start":{"line":45,"column":19},"end":{"line":45,"column":35}},"type":"binary-expr","locations":[{"start":{"line":45,"column":19},"end":{"line":45,"column":29}},{"start":{"line":45,"column":33},"end":{"line":45,"column":35}}],"line":45},"7":{"loc":{"start":{"line":46,"column":22},"end":{"line":46,"column":37}},"type":"binary-expr","locations":[{"start":{"line":46,"column":22},"end":{"line":46,"column":31}},{"start":{"line":46,"column":35},"end":{"line":46,"column":37}}],"line":46},"8":{"loc":{"start":{"line":47,"column":23},"end":{"line":47,"column":43}},"type":"binary-expr","locations":[{"start":{"line":47,"column":23},"end":{"line":47,"column":37}},{"start":{"line":47,"column":41},"end":{"line":47,"column":43}}],"line":47},"9":{"loc":{"start":{"line":133,"column":17},"end":{"line":133,"column":87}},"type":"binary-expr","locations":[{"start":{"line":133,"column":17},"end":{"line":133,"column":48}},{"start":{"line":133,"column":52},"end":{"line":133,"column":87}}],"line":133}},"s":{"0":2,"1":2,"2":2,"3":0,"4":0,"5":2,"6":2,"7":2,"8":2,"9":2,"10":2,"11":0,"12":2,"13":0,"14":0,"15":0,"16":0,"17":0,"18":0,"19":2,"20":2,"21":2,"22":2,"23":2,"24":8,"25":1},"f":{"0":2,"1":2,"2":0,"3":2,"4":2,"5":8},"b":{"0":[2,0],"1":[2,0],"2":[0,2],"3":[0,0],"4":[0,0],"5":[0,0],"6":[0,0],"7":[0,0],"8":[0,0],"9":[8,6]},"_coverageSchema":"1a1c01bbd47fc00a2c39e90264f33305004495a9","hash":"ad592cd2b426336b65a08ff86eb28067aff53881"}
,"C:\\Users\\adamj\\PFE\\Capstone_GRP28\\ResApp2.0\\app\\(tabs)\\resources.tsx": {"path":"C:\\Users\\adamj\\PFE\\Capstone_GRP28\\ResApp2.0\\app\\(tabs)\\resources.tsx","statementMap":{"0":{"start":{"line":6,"column":23},"end":{"line":13,"column":3}},"1":{"start":{"line":15,"column":24},"end":{"line":20,"column":3}},"2":{"start":{"line":22,"column":2},"end":{"line":87,"column":3}},"3":{"start":{"line":59,"column":14},"end":{"line":73,"column":21}},"4":{"start":{"line":90,"column":15},"end":{"line":256,"column":2}}},"fnMap":{"0":{"name":"ProfileScreen","decl":{"start":{"line":5,"column":24},"end":{"line":5,"column":37}},"loc":{"start":{"line":5,"column":40},"end":{"line":88,"column":1}},"line":5},"1":{"name":"(anonymous_1)","decl":{"start":{"line":58,"column":30},"end":{"line":58,"column":31}},"loc":{"start":{"line":59,"column":14},"end":{"line":73,"column":21}},"line":59}},"branchMap":{"0":{"loc":{"start":{"line":72,"column":17},"end":{"line":72,"column":87}},"type":"binary-expr","locations":[{"start":{"line":72,"column":17},"end":{"line":72,"column":48}},{"start":{"line":72,"column":52},"end":{"line":72,"column":87}}],"line":72}},"s":{"0":0,"1":0,"2":0,"3":0,"4":0},"f":{"0":0,"1":0},"b":{"0":[0,0]}}
,"C:\\Users\\adamj\\PFE\\Capstone_GRP28\\ResApp2.0\\app\\(tabs)\\status.tsx": {"path":"C:\\Users\\adamj\\PFE\\Capstone_GRP28\\ResApp2.0\\app\\(tabs)\\status.tsx","statementMap":{"0":{"start":{"line":9,"column":44},"end":{"line":9,"column":73}},"1":{"start":{"line":10,"column":40},"end":{"line":10,"column":60}},"2":{"start":{"line":11,"column":36},"end":{"line":11,"column":53}},"3":{"start":{"line":13,"column":29},"end":{"line":17,"column":3}},"4":{"start":{"line":14,"column":4},"end":{"line":14,"column":43}},"5":{"start":{"line":15,"column":4},"end":{"line":15,"column":30}},"6":{"start":{"line":16,"column":4},"end":{"line":16,"column":28}},"7":{"start":{"line":19,"column":21},"end":{"line":26,"column":3}},"8":{"start":{"line":20,"column":4},"end":{"line":25,"column":6}},"9":{"start":{"line":28,"column":2},"end":{"line":102,"column":3}},"10":{"start":{"line":105,"column":15},"end":{"line":198,"column":2}}},"fnMap":{"0":{"name":"StatusScreen","decl":{"start":{"line":8,"column":24},"end":{"line":8,"column":36}},"loc":{"start":{"line":8,"column":39},"end":{"line":103,"column":1}},"line":8},"1":{"name":"(anonymous_1)","decl":{"start":{"line":13,"column":29},"end":{"line":13,"column":30}},"loc":{"start":{"line":13,"column":49},"end":{"line":17,"column":3}},"line":13},"2":{"name":"(anonymous_2)","decl":{"start":{"line":19,"column":21},"end":{"line":19,"column":22}},"loc":{"start":{"line":19,"column":37},"end":{"line":26,"column":3}},"line":19}},"branchMap":{"0":{"loc":{"start":{"line":14,"column":21},"end":{"line":14,"column":42}},"type":"cond-expr","locations":[{"start":{"line":14,"column":29},"end":{"line":14,"column":33}},{"start":{"line":14,"column":36},"end":{"line":14,"column":42}}],"line":14},"1":{"loc":{"start":{"line":53,"column":37},"end":{"line":53,"column":83}},"type":"cond-expr","locations":[{"start":{"line":53,"column":62},"end":{"line":53,"column":71}},{"start":{"line":53,"column":74},"end":{"line":53,"column":83}}],"line":53},"2":{"loc":{"start":{"line":65,"column":29},"end":{"line":65,"column":75}},"type":"cond-expr","locations":[{"start":{"line":65,"column":54},"end":{"line":65,"column":63}},{"start":{"line":65,"column":66},"end":{"line":65,"column":75}}],"line":65},"3":{"loc":{"start":{"line":69,"column":19},"end":{"line":69,"column":68}},"type":"cond-expr","locations":[{"start":{"line":69,"column":44},"end":{"line":69,"column":54}},{"start":{"line":69,"column":57},"end":{"line":69,"column":68}}],"line":69},"4":{"loc":{"start":{"line":72,"column":23},"end":{"line":72,"column":95}},"type":"cond-expr","locations":[{"start":{"line":72,"column":48},"end":{"line":72,"column":68}},{"start":{"line":72,"column":71},"end":{"line":72,"column":95}}],"line":72}},"s":{"0":3,"1":3,"2":3,"3":3,"4":1,"5":1,"6":1,"7":3,"8":3,"9":3,"10":1},"f":{"0":3,"1":1,"2":3},"b":{"0":[0,1],"1":[2,1],"2":[2,1],"3":[2,1],"4":[2,1]},"_coverageSchema":"1a1c01bbd47fc00a2c39e90264f33305004495a9","hash":"cf718935fdc5ee7de427ba69dc243f905896b388"}
,"C:\\Users\\adamj\\PFE\\Capstone_GRP28\\ResApp2.0\\components\\external-link.tsx": {"path":"C:\\Users\\adamj\\PFE\\Capstone_GRP28\\ResApp2.0\\components\\external-link.tsx","statementMap":{"0":{"start":{"line":8,"column":2},"end":{"line":24,"column":4}},"1":{"start":{"line":14,"column":8},"end":{"line":21,"column":9}},"2":{"start":{"line":16,"column":10},"end":{"line":16,"column":33}},"3":{"start":{"line":18,"column":10},"end":{"line":20,"column":13}}},"fnMap":{"0":{"name":"ExternalLink","decl":{"start":{"line":7,"column":16},"end":{"line":7,"column":28}},"loc":{"start":{"line":7,"column":55},"end":{"line":25,"column":1}},"line":7},"1":{"name":"(anonymous_1)","decl":{"start":{"line":13,"column":15},"end":{"line":13,"column":16}},"loc":{"start":{"line":13,"column":32},"end":{"line":22,"column":7}},"line":13}},"branchMap":{"0":{"loc":{"start":{"line":14,"column":8},"end":{"line":21,"column":9}},"type":"if","locations":[{"start":{"line":14,"column":8},"end":{"line":21,"column":9}},{"start":{},"end":{}}],"line":14}},"s":{"0":0,"1":0,"2":0,"3":0},"f":{"0":0,"1":0},"b":{"0":[0,0]}}
,"C:\\Users\\adamj\\PFE\\Capstone_GRP28\\ResApp2.0\\components\\haptic-tab.tsx": {"path":"C:\\Users\\adamj\\PFE\\Capstone_GRP28\\ResApp2.0\\components\\haptic-tab.tsx","statementMap":{"0":{"start":{"line":6,"column":2},"end":{"line":17,"column":4}},"1":{"start":{"line":10,"column":8},"end":{"line":13,"column":9}},"2":{"start":{"line":12,"column":10},"end":{"line":12,"column":65}},"3":{"start":{"line":14,"column":8},"end":{"line":14,"column":30}}},"fnMap":{"0":{"name":"HapticTab","decl":{"start":{"line":5,"column":16},"end":{"line":5,"column":25}},"loc":{"start":{"line":5,"column":58},"end":{"line":18,"column":1}},"line":5},"1":{"name":"(anonymous_1)","decl":{"start":{"line":9,"column":17},"end":{"line":9,"column":18}},"loc":{"start":{"line":9,"column":25},"end":{"line":15,"column":7}},"line":9}},"branchMap":{"0":{"loc":{"start":{"line":10,"column":8},"end":{"line":13,"column":9}},"type":"if","locations":[{"start":{"line":10,"column":8},"end":{"line":13,"column":9}},{"start":{},"end":{}}],"line":10}},"s":{"0":0,"1":0,"2":0,"3":0},"f":{"0":0,"1":0},"b":{"0":[0,0]}}
,"C:\\Users\\adamj\\PFE\\Capstone_GRP28\\ResApp2.0\\components\\hello-wave.tsx": {"path":"C:\\Users\\adamj\\PFE\\Capstone_GRP28\\ResApp2.0\\components\\hello-wave.tsx","statementMap":{"0":{"start":{"line":4,"column":2},"end":{"line":18,"column":4}}},"fnMap":{"0":{"name":"HelloWave","decl":{"start":{"line":3,"column":16},"end":{"line":3,"column":25}},"loc":{"start":{"line":3,"column":28},"end":{"line":19,"column":1}},"line":3}},"branchMap":{},"s":{"0":0},"f":{"0":0},"b":{}}
,"C:\\Users\\adamj\\PFE\\Capstone_GRP28\\ResApp2.0\\components\\parallax-scroll-view.tsx": {"path":"C:\\Users\\adamj\\PFE\\Capstone_GRP28\\ResApp2.0\\components\\parallax-scroll-view.tsx","statementMap":{"0":{"start":{"line":14,"column":22},"end":{"line":14,"column":25}},"1":{"start":{"line":26,"column":26},"end":{"line":26,"column":57}},"2":{"start":{"line":27,"column":22},"end":{"line":27,"column":49}},"3":{"start":{"line":28,"column":20},"end":{"line":28,"column":57}},"4":{"start":{"line":29,"column":23},"end":{"line":29,"column":49}},"5":{"start":{"line":30,"column":30},"end":{"line":45,"column":4}},"6":{"start":{"line":31,"column":4},"end":{"line":44,"column":6}},"7":{"start":{"line":47,"column":2},"end":{"line":62,"column":4}},"8":{"start":{"line":65,"column":15},"end":{"line":79,"column":2}}},"fnMap":{"0":{"name":"ParallaxScrollView","decl":{"start":{"line":21,"column":24},"end":{"line":21,"column":42}},"loc":{"start":{"line":25,"column":10},"end":{"line":63,"column":1}},"line":25},"1":{"name":"(anonymous_1)","decl":{"start":{"line":30,"column":47},"end":{"line":30,"column":48}},"loc":{"start":{"line":30,"column":53},"end":{"line":45,"column":3}},"line":30}},"branchMap":{"0":{"loc":{"start":{"line":27,"column":22},"end":{"line":27,"column":49}},"type":"binary-expr","locations":[{"start":{"line":27,"column":22},"end":{"line":27,"column":38}},{"start":{"line":27,"column":42},"end":{"line":27,"column":49}}],"line":27}},"s":{"0":0,"1":0,"2":0,"3":0,"4":0,"5":0,"6":0,"7":0,"8":0},"f":{"0":0,"1":0},"b":{"0":[0,0]}}
,"C:\\Users\\adamj\\PFE\\Capstone_GRP28\\ResApp2.0\\components\\themed-text.tsx": {"path":"C:\\Users\\adamj\\PFE\\Capstone_GRP28\\ResApp2.0\\components\\themed-text.tsx","statementMap":{"0":{"start":{"line":18,"column":16},"end":{"line":18,"column":77}},"1":{"start":{"line":20,"column":2},"end":{"line":33,"column":4}},"2":{"start":{"line":36,"column":15},"end":{"line":60,"column":2}}},"fnMap":{"0":{"name":"ThemedText","decl":{"start":{"line":11,"column":16},"end":{"line":11,"column":26}},"loc":{"start":{"line":17,"column":20},"end":{"line":34,"column":1}},"line":17}},"branchMap":{"0":{"loc":{"start":{"line":15,"column":2},"end":{"line":15,"column":18}},"type":"default-arg","locations":[{"start":{"line":15,"column":9},"end":{"line":15,"column":18}}],"line":15},"1":{"loc":{"start":{"line":24,"column":8},"end":{"line":24,"column":55}},"type":"cond-expr","locations":[{"start":{"line":24,"column":29},"end":{"line":24,"column":43}},{"start":{"line":24,"column":46},"end":{"line":24,"column":55}}],"line":24},"2":{"loc":{"start":{"line":25,"column":8},"end":{"line":25,"column":51}},"type":"cond-expr","locations":[{"start":{"line":25,"column":27},"end":{"line":25,"column":39}},{"start":{"line":25,"column":42},"end":{"line":25,"column":51}}],"line":25},"3":{"loc":{"start":{"line":26,"column":8},"end":{"line":26,"column":71}},"type":"cond-expr","locations":[{"start":{"line":26,"column":37},"end":{"line":26,"column":59}},{"start":{"line":26,"column":62},"end":{"line":26,"column":71}}],"line":26},"4":{"loc":{"start":{"line":27,"column":8},"end":{"line":27,"column":57}},"type":"cond-expr","locations":[{"start":{"line":27,"column":30},"end":{"line":27,"column":45}},{"start":{"line":27,"column":48},"end":{"line":27,"column":57}}],"line":27},"5":{"loc":{"start":{"line":28,"column":8},"end":{"line":28,"column":49}},"type":"cond-expr","locations":[{"start":{"line":28,"column":26},"end":{"line":28,"column":37}},{"start":{"line":28,"column":40},"end":{"line":28,"column":49}}],"line":28}},"s":{"0":0,"1":0,"2":0},"f":{"0":0},"b":{"0":[0],"1":[0,0],"2":[0,0],"3":[0,0],"4":[0,0],"5":[0,0]}}
,"C:\\Users\\adamj\\PFE\\Capstone_GRP28\\ResApp2.0\\components\\themed-view.tsx": {"path":"C:\\Users\\adamj\\PFE\\Capstone_GRP28\\ResApp2.0\\components\\themed-view.tsx","statementMap":{"0":{"start":{"line":11,"column":26},"end":{"line":11,"column":93}},"1":{"start":{"line":13,"column":2},"end":{"line":13,"column":71}}},"fnMap":{"0":{"name":"ThemedView","decl":{"start":{"line":10,"column":16},"end":{"line":10,"column":26}},"loc":{"start":{"line":10,"column":93},"end":{"line":14,"column":1}},"line":10}},"branchMap":{},"s":{"0":5,"1":5},"f":{"0":5},"b":{},"_coverageSchema":"1a1c01bbd47fc00a2c39e90264f33305004495a9","hash":"757b11a05e9e796d80c3c2120cad4f002ee38d21"}
,"C:\\Users\\adamj\\PFE\\Capstone_GRP28\\ResApp2.0\\components\\ui\\collapsible.tsx": {"path":"C:\\Users\\adamj\\PFE\\Capstone_GRP28\\ResApp2.0\\components\\ui\\collapsible.tsx","statementMap":{"0":{"start":{"line":11,"column":30},"end":{"line":11,"column":45}},"1":{"start":{"line":12,"column":16},"end":{"line":12,"column":43}},"2":{"start":{"line":14,"column":2},"end":{"line":32,"column":4}},"3":{"start":{"line":18,"column":23},"end":{"line":18,"column":51}},"4":{"start":{"line":18,"column":44},"end":{"line":18,"column":50}},"5":{"start":{"line":35,"column":15},"end":{"line":45,"column":2}}},"fnMap":{"0":{"name":"Collapsible","decl":{"start":{"line":10,"column":16},"end":{"line":10,"column":27}},"loc":{"start":{"line":10,"column":88},"end":{"line":33,"column":1}},"line":10},"1":{"name":"(anonymous_1)","decl":{"start":{"line":18,"column":17},"end":{"line":18,"column":18}},"loc":{"start":{"line":18,"column":23},"end":{"line":18,"column":51}},"line":18},"2":{"name":"(anonymous_2)","decl":{"start":{"line":18,"column":33},"end":{"line":18,"column":34}},"loc":{"start":{"line":18,"column":44},"end":{"line":18,"column":50}},"line":18}},"branchMap":{"0":{"loc":{"start":{"line":12,"column":16},"end":{"line":12,"column":43}},"type":"binary-expr","locations":[{"start":{"line":12,"column":16},"end":{"line":12,"column":32}},{"start":{"line":12,"column":36},"end":{"line":12,"column":43}}],"line":12},"1":{"loc":{"start":{"line":24,"column":17},"end":{"line":24,"column":73}},"type":"cond-expr","locations":[{"start":{"line":24,"column":37},"end":{"line":24,"column":54}},{"start":{"line":24,"column":57},"end":{"line":24,"column":73}}],"line":24},"2":{"loc":{"start":{"line":25,"column":41},"end":{"line":25,"column":66}},"type":"cond-expr","locations":[{"start":{"line":25,"column":50},"end":{"line":25,"column":57}},{"start":{"line":25,"column":60},"end":{"line":25,"column":66}}],"line":25},"3":{"loc":{"start":{"line":30,"column":7},"end":{"line":30,"column":75}},"type":"binary-expr","locations":[{"start":{"line":30,"column":7},"end":{"line":30,"column":13}},{"start":{"line":30,"column":17},"end":{"line":30,"column":75}}],"line":30}},"s":{"0":0,"1":0,"2":0,"3":0,"4":0,"5":0},"f":{"0":0,"1":0,"2":0},"b":{"0":[0,0],"1":[0,0],"2":[0,0],"3":[0,0]}}
,"C:\\Users\\adamj\\PFE\\Capstone_GRP28\\ResApp2.0\\components\\ui\\icon-symbol.ios.tsx": {"path":"C:\\Users\\adamj\\PFE\\Capstone_GRP28\\ResApp2.0\\components\\ui\\icon-symbol.ios.tsx","statementMap":{"0":{"start":{"line":17,"column":2},"end":{"line":31,"column":4}}},"fnMap":{"0":{"name":"IconSymbol","decl":{"start":{"line":4,"column":16},"end":{"line":4,"column":26}},"loc":{"start":{"line":16,"column":3},"end":{"line":32,"column":1}},"line":16}},"branchMap":{"0":{"loc":{"start":{"line":6,"column":2},"end":{"line":6,"column":11}},"type":"default-arg","locations":[{"start":{"line":6,"column":9},"end":{"line":6,"column":11}}],"line":6},"1":{"loc":{"start":{"line":9,"column":2},"end":{"line":9,"column":20}},"type":"default-arg","locations":[{"start":{"line":9,"column":11},"end":{"line":9,"column":20}}],"line":9}},"s":{"0":30},"f":{"0":30},"b":{"0":[0],"1":[30]},"_coverageSchema":"1a1c01bbd47fc00a2c39e90264f33305004495a9","hash":"e0652bfd678b235f624e1c79573db29a0ec46851"}
,"C:\\Users\\adamj\\PFE\\Capstone_GRP28\\ResApp2.0\\components\\ui\\icon-symbol.tsx": {"path":"C:\\Users\\adamj\\PFE\\Capstone_GRP28\\ResApp2.0\\components\\ui\\icon-symbol.tsx","statementMap":{"0":{"start":{"line":5,"column":40},"end":{"line":10,"column":1}},"1":{"start":{"line":25,"column":19},"end":{"line":25,"column":96}},"2":{"start":{"line":26,"column":2},"end":{"line":26,"column":83}}},"fnMap":{"0":{"name":"IconSymbol","decl":{"start":{"line":12,"column":16},"end":{"line":12,"column":26}},"loc":{"start":{"line":24,"column":3},"end":{"line":27,"column":1}},"line":24}},"branchMap":{"0":{"loc":{"start":{"line":14,"column":2},"end":{"line":14,"column":11}},"type":"default-arg","locations":[{"start":{"line":14,"column":9},"end":{"line":14,"column":11}}],"line":14},"1":{"loc":{"start":{"line":25,"column":20},"end":{"line":25,"column":41}},"type":"binary-expr","locations":[{"start":{"line":25,"column":20},"end":{"line":25,"column":33}},{"start":{"line":25,"column":37},"end":{"line":25,"column":41}}],"line":25}},"s":{"0":0,"1":0,"2":0},"f":{"0":0},"b":{"0":[0],"1":[0,0]}}
}
