TN:
SF:app\_layout.tsx
FN:8,RootLayout
FNF:1
FNH:1
FNDA:7,RootLayout
DA:9,7
DA:11,7
LF:2
LH:2
BRDA:12,0,0,2
BRDA:12,0,1,5
BRF:2
BRH:2
end_of_record
TN:
SF:app\index.tsx
FN:8,LandingPage
FN:11,(anonymous_1)
FN:12,(anonymous_2)
FN:21,(anonymous_3)
FNF:4
FNH:3
FNDA:1,LandingPage
FNDA:1,(anonymous_1)
FNDA:1,(anonymous_2)
FNDA:0,(anonymous_3)
DA:6,1
DA:9,1
DA:11,1
DA:12,1
DA:13,1
DA:14,1
DA:15,0
DA:18,1
DA:21,1
DA:22,0
DA:25,1
DA:59,1
LF:12
LH:10
BRDA:14,0,0,0
BRDA:14,0,1,1
BRF:2
BRH:1
end_of_record
TN:
SF:app\login.tsx
FN:17,LoginPage
FN:22,(anonymous_1)
FNF:2
FNH:2
FNDA:4,LoginPage
FNDA:1,(anonymous_1)
DA:11,2
DA:15,2
DA:18,4
DA:19,4
DA:20,4
DA:22,4
DA:23,1
DA:24,1
DA:27,0
DA:29,0
DA:31,1
DA:36,4
DA:82,2
LF:13
LH:11
BRF:0
BRH:0
end_of_record
TN:
SF:app\modal.tsx
FN:7,ModalScreen
FNF:1
FNH:0
FNDA:0,ModalScreen
DA:8,0
DA:18,0
LF:2
LH:0
BRF:0
BRH:0
end_of_record
TN:
SF:app\(tabs)\Sidebar.tsx
FN:5,MoreScreen
FN:31,(anonymous_1)
FNF:2
FNH:0
FNDA:0,MoreScreen
FNDA:0,(anonymous_1)
DA:6,0
DA:15,0
DA:32,0
DA:45,0
LF:4
LH:0
BRF:0
BRH:0
end_of_record
TN:
SF:app\(tabs)\_layout.tsx
FN:12,CustomHeader
FN:15,(anonymous_1)
FN:24,(anonymous_2)
FN:41,TabLayout
FN:66,(anonymous_4)
FN:74,(anonymous_5)
FN:82,(anonymous_6)
FN:90,(anonymous_7)
FN:98,(anonymous_8)
FNF:9
FNH:0
FNDA:0,CustomHeader
FNDA:0,(anonymous_1)
FNDA:0,(anonymous_2)
FNDA:0,TabLayout
FNDA:0,(anonymous_4)
FNDA:0,(anonymous_5)
FNDA:0,(anonymous_6)
FNDA:0,(anonymous_7)
FNDA:0,(anonymous_8)
DA:13,0
DA:15,0
DA:16,0
DA:22,0
DA:24,0
DA:42,0
DA:44,0
DA:66,0
DA:74,0
DA:82,0
DA:90,0
DA:98,0
DA:121,0
LF:13
LH:0
BRF:0
BRH:0
end_of_record
TN:
SF:app\(tabs)\calendar.tsx
FN:71,(anonymous_0)
FN:79,(anonymous_1)
FN:85,TabTwoScreen
FN:90,(anonymous_3)
FN:96,(anonymous_4)
FN:102,(anonymous_5)
FN:106,(anonymous_6)
FN:110,(anonymous_7)
FN:114,(anonymous_8)
FN:119,(anonymous_9)
FN:129,(anonymous_10)
FN:155,(anonymous_11)
FN:160,(anonymous_12)
FN:201,(anonymous_13)
FN:215,(anonymous_14)
FN:230,(anonymous_15)
FN:232,(anonymous_16)
FN:233,(anonymous_17)
FN:241,(anonymous_18)
FN:256,(anonymous_19)
FNF:20
FNH:0
FNDA:0,(anonymous_0)
FNDA:0,(anonymous_1)
FNDA:0,TabTwoScreen
FNDA:0,(anonymous_3)
FNDA:0,(anonymous_4)
FNDA:0,(anonymous_5)
FNDA:0,(anonymous_6)
FNDA:0,(anonymous_7)
FNDA:0,(anonymous_8)
FNDA:0,(anonymous_9)
FNDA:0,(anonymous_10)
FNDA:0,(anonymous_11)
FNDA:0,(anonymous_12)
FNDA:0,(anonymous_13)
FNDA:0,(anonymous_14)
FNDA:0,(anonymous_15)
FNDA:0,(anonymous_16)
FNDA:0,(anonymous_17)
FNDA:0,(anonymous_18)
FNDA:0,(anonymous_19)
DA:20,0
DA:64,0
DA:69,0
DA:71,0
DA:72,0
DA:73,0
DA:74,0
DA:75,0
DA:79,0
DA:80,0
DA:81,0
DA:82,0
DA:86,0
DA:87,0
DA:88,0
DA:90,0
DA:91,0
DA:92,0
DA:93,0
DA:96,0
DA:97,0
DA:98,0
DA:99,0
DA:102,0
DA:103,0
DA:106,0
DA:107,0
DA:110,0
DA:111,0
DA:114,0
DA:115,0
DA:116,0
DA:119,0
DA:120,0
DA:121,0
DA:122,0
DA:129,0
DA:130,0
DA:131,0
DA:132,0
DA:133,0
DA:134,0
DA:135,0
DA:137,0
DA:140,0
DA:141,0
DA:145,0
DA:146,0
DA:147,0
DA:148,0
DA:149,0
DA:151,0
DA:155,0
DA:161,0
DA:172,0
DA:175,0
DA:177,0
DA:202,0
DA:215,0
DA:230,0
DA:232,0
DA:233,0
DA:241,0
DA:257,0
DA:284,0
LF:65
LH:0
BRDA:72,0,0,0
BRDA:72,0,1,0
BRDA:72,0,2,0
BRDA:80,1,0,0
BRDA:80,1,1,0
BRDA:81,2,0,0
BRDA:81,2,1,0
BRDA:135,3,0,0
BRDA:135,3,1,0
BRDA:149,4,0,0
BRDA:149,4,1,0
BRDA:154,5,0,0
BRDA:154,5,1,0
BRDA:157,6,0,0
BRDA:157,6,1,0
BRDA:158,7,0,0
BRDA:158,7,1,0
BRDA:175,8,0,0
BRDA:175,8,1,0
BRDA:175,9,0,0
BRDA:175,9,1,0
BRDA:236,10,0,0
BRDA:236,10,1,0
BRDA:238,11,0,0
BRDA:238,11,1,0
BRDA:246,12,0,0
BRDA:246,12,1,0
BRDA:263,13,0,0
BRDA:263,13,1,0
BRDA:263,14,0,0
BRDA:263,14,1,0
BRF:31
BRH:0
end_of_record
TN:
SF:app\(tabs)\duty.tsx
FN:10,ResourcesScreen
FN:21,(anonymous_1)
FN:22,(anonymous_2)
FN:27,(anonymous_3)
FN:55,(anonymous_4)
FN:59,(anonymous_5)
FN:63,(anonymous_6)
FN:80,(anonymous_7)
FN:92,(anonymous_8)
FN:99,(anonymous_9)
FN:127,(anonymous_10)
FN:141,(anonymous_11)
FN:161,(anonymous_12)
FN:175,(anonymous_13)
FN:193,(anonymous_14)
FN:204,(anonymous_15)
FN:221,(anonymous_16)
FN:232,(anonymous_17)
FN:251,(anonymous_18)
FN:253,(anonymous_19)
FN:265,(anonymous_20)
FN:286,(anonymous_21)
FN:288,(anonymous_22)
FN:300,(anonymous_23)
FNF:24
FNH:0
FNDA:0,ResourcesScreen
FNDA:0,(anonymous_1)
FNDA:0,(anonymous_2)
FNDA:0,(anonymous_3)
FNDA:0,(anonymous_4)
FNDA:0,(anonymous_5)
FNDA:0,(anonymous_6)
FNDA:0,(anonymous_7)
FNDA:0,(anonymous_8)
FNDA:0,(anonymous_9)
FNDA:0,(anonymous_10)
FNDA:0,(anonymous_11)
FNDA:0,(anonymous_12)
FNDA:0,(anonymous_13)
FNDA:0,(anonymous_14)
FNDA:0,(anonymous_15)
FNDA:0,(anonymous_16)
FNDA:0,(anonymous_17)
FNDA:0,(anonymous_18)
FNDA:0,(anonymous_19)
FNDA:0,(anonymous_20)
FNDA:0,(anonymous_21)
FNDA:0,(anonymous_22)
FNDA:0,(anonymous_23)
DA:11,0
DA:12,0
DA:13,0
DA:14,0
DA:16,0
DA:17,0
DA:18,0
DA:19,0
DA:21,0
DA:22,0
DA:23,0
DA:24,0
DA:25,0
DA:27,0
DA:28,0
DA:30,0
DA:32,0
DA:33,0
DA:35,0
DA:36,0
DA:38,0
DA:39,0
DA:41,0
DA:42,0
DA:44,0
DA:48,0
DA:51,0
DA:55,0
DA:56,0
DA:59,0
DA:60,0
DA:63,0
DA:64,0
DA:65,0
DA:80,0
DA:81,0
DA:93,0
DA:94,0
DA:95,0
DA:99,0
DA:100,0
DA:101,0
DA:102,0
DA:106,0
DA:127,0
DA:141,0
DA:161,0
DA:175,0
DA:193,0
DA:204,0
DA:221,0
DA:232,0
DA:251,0
DA:253,0
DA:265,0
DA:286,0
DA:288,0
DA:300,0
DA:319,0
LF:59
LH:0
BRDA:30,0,0,0
BRDA:30,0,1,0
BRDA:30,0,2,0
BRDA:30,0,3,0
BRDA:30,0,4,0
BRDA:100,1,0,0
BRDA:100,1,1,0
BRDA:100,2,0,0
BRDA:100,2,1,0
BRF:9
BRH:0
end_of_record
TN:
SF:app\(tabs)\index.tsx
FN:11,HomeScreen
FN:14,(anonymous_1)
FN:15,(anonymous_2)
FN:72,(anonymous_3)
FNF:4
FNH:4
FNDA:1,HomeScreen
FNDA:1,(anonymous_1)
FNDA:1,(anonymous_2)
FNDA:6,(anonymous_3)
DA:12,1
DA:14,1
DA:15,1
DA:16,1
DA:17,1
DA:18,1
DA:20,0
DA:22,0
DA:23,0
DA:24,0
DA:26,0
DA:27,0
DA:28,0
DA:30,0
DA:33,1
DA:37,1
DA:40,1
DA:49,1
DA:73,6
DA:115,1
LF:20
LH:12
BRDA:18,0,0,1
BRDA:18,0,1,1
BRDA:20,1,0,0
BRDA:20,1,1,0
BRDA:26,2,0,0
BRDA:26,2,1,0
BRDA:28,3,0,0
BRDA:28,3,1,0
BRDA:65,4,0,1
BRDA:65,4,1,1
BRF:10
BRH:4
end_of_record
TN:
SF:app\(tabs)\profile.tsx
FN:10,ProfileScreen
FN:19,getInitials
FN:23,(anonymous_2)
FN:28,(anonymous_3)
FN:29,(anonymous_4)
FN:119,(anonymous_5)
FNF:6
FNH:5
FNDA:2,ProfileScreen
FNDA:2,getInitials
FNDA:0,(anonymous_2)
FNDA:2,(anonymous_3)
FNDA:2,(anonymous_4)
FNDA:8,(anonymous_5)
DA:12,2
DA:20,2
DA:21,0
DA:23,0
DA:28,2
DA:29,2
DA:30,2
DA:32,2
DA:33,2
DA:35,2
DA:37,2
DA:38,0
DA:39,0
DA:41,0
DA:42,0
DA:43,0
DA:50,0
DA:53,2
DA:57,2
DA:62,2
DA:70,2
DA:77,2
DA:120,8
DA:151,1
LF:24
LH:16
BRDA:20,0,0,2
BRDA:20,0,1,0
BRDA:33,1,0,2
BRDA:33,1,1,0
BRDA:35,2,0,0
BRDA:35,2,1,2
BRDA:41,3,0,0
BRDA:41,3,1,0
BRDA:44,4,0,0
BRDA:44,4,1,0
BRDA:44,5,0,0
BRDA:44,5,1,0
BRDA:45,6,0,0
BRDA:45,6,1,0
BRDA:46,7,0,0
BRDA:46,7,1,0
BRDA:47,8,0,0
BRDA:47,8,1,0
BRDA:133,9,0,8
BRDA:133,9,1,6
BRF:20
BRH:5
end_of_record
TN:
SF:app\(tabs)\resources.tsx
FN:5,ProfileScreen
FN:58,(anonymous_1)
FNF:2
FNH:0
FNDA:0,ProfileScreen
FNDA:0,(anonymous_1)
DA:6,0
DA:15,0
DA:22,0
DA:59,0
DA:90,0
LF:5
LH:0
BRDA:72,0,0,0
BRDA:72,0,1,0
BRF:2
BRH:0
end_of_record
TN:
SF:app\(tabs)\status.tsx
FN:8,StatusScreen
FN:13,(anonymous_1)
FN:19,(anonymous_2)
FNF:3
FNH:3
FNDA:3,StatusScreen
FNDA:1,(anonymous_1)
FNDA:3,(anonymous_2)
DA:9,3
DA:10,3
DA:11,3
DA:13,3
DA:14,1
DA:15,1
DA:16,1
DA:19,3
DA:20,3
DA:28,3
DA:105,1
LF:11
LH:11
BRDA:14,0,0,0
BRDA:14,0,1,1
BRDA:53,1,0,2
BRDA:53,1,1,1
BRDA:65,2,0,2
BRDA:65,2,1,1
BRDA:69,3,0,2
BRDA:69,3,1,1
BRDA:72,4,0,2
BRDA:72,4,1,1
BRF:10
BRH:9
end_of_record
TN:
SF:components\external-link.tsx
FN:7,ExternalLink
FN:13,(anonymous_1)
FNF:2
FNH:0
FNDA:0,ExternalLink
FNDA:0,(anonymous_1)
DA:8,0
DA:14,0
DA:16,0
DA:18,0
LF:4
LH:0
BRDA:14,0,0,0
BRDA:14,0,1,0
BRF:2
BRH:0
end_of_record
TN:
SF:components\haptic-tab.tsx
FN:5,HapticTab
FN:9,(anonymous_1)
FNF:2
FNH:0
FNDA:0,HapticTab
FNDA:0,(anonymous_1)
DA:6,0
DA:10,0
DA:12,0
DA:14,0
LF:4
LH:0
BRDA:10,0,0,0
BRDA:10,0,1,0
BRF:2
BRH:0
end_of_record
TN:
SF:components\hello-wave.tsx
FN:3,HelloWave
FNF:1
FNH:0
FNDA:0,HelloWave
DA:4,0
LF:1
LH:0
BRF:0
BRH:0
end_of_record
TN:
SF:components\parallax-scroll-view.tsx
FN:21,ParallaxScrollView
FN:30,(anonymous_1)
FNF:2
FNH:0
FNDA:0,ParallaxScrollView
FNDA:0,(anonymous_1)
DA:14,0
DA:26,0
DA:27,0
DA:28,0
DA:29,0
DA:30,0
DA:31,0
DA:47,0
DA:65,0
LF:9
LH:0
BRDA:27,0,0,0
BRDA:27,0,1,0
BRF:2
BRH:0
end_of_record
TN:
SF:components\themed-text.tsx
FN:11,ThemedText
FNF:1
FNH:0
FNDA:0,ThemedText
DA:18,0
DA:20,0
DA:36,0
LF:3
LH:0
BRDA:15,0,0,0
BRDA:24,1,0,0
BRDA:24,1,1,0
BRDA:25,2,0,0
BRDA:25,2,1,0
BRDA:26,3,0,0
BRDA:26,3,1,0
BRDA:27,4,0,0
BRDA:27,4,1,0
BRDA:28,5,0,0
BRDA:28,5,1,0
BRF:11
BRH:0
end_of_record
TN:
SF:components\themed-view.tsx
FN:10,ThemedView
FNF:1
FNH:1
FNDA:5,ThemedView
DA:11,5
DA:13,5
LF:2
LH:2
BRF:0
BRH:0
end_of_record
TN:
SF:components\ui\collapsible.tsx
FN:10,Collapsible
FN:18,(anonymous_1)
FN:18,(anonymous_2)
FNF:3
FNH:0
FNDA:0,Collapsible
FNDA:0,(anonymous_1)
FNDA:0,(anonymous_2)
DA:11,0
DA:12,0
DA:14,0
DA:18,0
DA:35,0
LF:5
LH:0
BRDA:12,0,0,0
BRDA:12,0,1,0
BRDA:24,1,0,0
BRDA:24,1,1,0
BRDA:25,2,0,0
BRDA:25,2,1,0
BRDA:30,3,0,0
BRDA:30,3,1,0
BRF:8
BRH:0
end_of_record
TN:
SF:components\ui\icon-symbol.ios.tsx
FN:4,IconSymbol
FNF:1
FNH:1
FNDA:30,IconSymbol
DA:17,30
LF:1
LH:1
BRDA:6,0,0,0
BRDA:9,1,0,30
BRF:2
BRH:1
end_of_record
TN:
SF:components\ui\icon-symbol.tsx
FN:12,IconSymbol
FNF:1
FNH:0
FNDA:0,IconSymbol
DA:5,0
DA:25,0
DA:26,0
LF:3
LH:0
BRDA:14,0,0,0
BRDA:25,1,0,0
BRDA:25,1,1,0
BRF:3
BRH:0
end_of_record
